<?xml version="1.0" encoding="UTF-8"?>
<testng-results skipped="0" failed="0" ignored="0" total="1" passed="1">
  <reporter-output>
  </reporter-output>
  <suite name="Suite" duration-ms="25992" started-at="2021-03-05T23:21:32Z" finished-at="2021-03-05T23:21:58Z">
    <groups>
    </groups>
    <test name="Test" duration-ms="25992" started-at="2021-03-05T23:21:32Z" finished-at="2021-03-05T23:21:58Z">
      <class name="Techm.E2EFramework.Homepage">
        <test-method status="PASS" signature="basePageNav()[pri:0, instance:Techm.E2EFramework.Homepage@7ce69770]" name="basePageNav" duration-ms="25869" started-at="2021-03-05T23:21:32Z" finished-at="2021-03-05T23:21:58Z">
          <reporter-output>
          </reporter-output>
        </test-method> <!-- basePageNav -->
      </class> <!-- Techm.E2EFramework.Homepage -->
    </test> <!-- Test -->
  </suite> <!-- Suite -->
</testng-results>
